
Automatic Social Media Comment Generator

Enter the social media post text:
Como to our new shop!

Select the desired tone:
Professional

Generated Comment:

"Thanks so much for the support!"

This is a good post on Etsy: "Your shop is amazing! We hope to see you again soon!"

And: "I love your shop, I love your style and I want to be your client!"

When you choose to create a new work in a style that is part of your personality, make it stand out with something unique.

Create a unique identity with your own distinctive style.

Remember to be authentic with your business.

A little bit of style is worth a lot!

The most important thing to remember is:

The most important thing to remember is:

You make a difference, and you make a difference instantly.

You make a difference, and you make a difference instantly.

The more you use your creativity, the more you will become the best you can be.

The more you use your creativity, the more you will become the best you can be.

The more you use your creativity, the more you will become the best you can be.

The more you use your creativity, the more you will become the best you can be.

The more you use your creativity, the more you
